2024-12-09 08:21:52.935 UTC [28] LOG:  database system was shut down at 2024-12-09 08:21:50 UTC
2024-12-09 08:21:52.945 UTC [1] LOG:  database system is ready to accept connections
2024-12-09 08:22:35.438 UTC [43] LOG:  connection received: host=172.18.0.1 port=57966
2024-12-09 08:22:35.440 UTC [43] LOG:  connection authorized: user=myuser database=currency_db
2024-12-09 08:22:35.442 UTC [43] LOG:  duration: 0.078 ms
2024-12-09 08:22:35.442 UTC [43] LOG:  duration: 0.005 ms
2024-12-09 08:22:35.442 UTC [43] LOG:  execute <unnamed>: SET extra_float_digits = 3
2024-12-09 08:22:35.442 UTC [43] LOG:  duration: 0.013 ms
2024-12-09 08:22:35.443 UTC [43] LOG:  duration: 0.034 ms
2024-12-09 08:22:35.443 UTC [43] LOG:  duration: 0.003 ms
2024-12-09 08:22:35.443 UTC [43] LOG:  execute <unnamed>: SET application_name = 'PostgreSQL JDBC Driver'
2024-12-09 08:22:35.443 UTC [43] LOG:  duration: 0.033 ms
2024-12-09 08:22:37.623 UTC [44] LOG:  connection received: host=172.18.0.1 port=51540
2024-12-09 08:22:37.627 UTC [44] LOG:  connection authorized: user=myuser database=currency_db
2024-12-09 08:22:37.631 UTC [44] LOG:  duration: 0.078 ms
2024-12-09 08:22:37.631 UTC [44] LOG:  duration: 0.008 ms
2024-12-09 08:22:37.631 UTC [44] LOG:  execute <unnamed>: SET extra_float_digits = 3
2024-12-09 08:22:37.631 UTC [44] LOG:  duration: 0.016 ms
2024-12-09 08:22:37.632 UTC [44] LOG:  duration: 0.018 ms
2024-12-09 08:22:37.632 UTC [44] LOG:  duration: 0.006 ms
2024-12-09 08:22:37.632 UTC [44] LOG:  execute <unnamed>: SET application_name = 'PostgreSQL JDBC Driver'
2024-12-09 08:22:37.632 UTC [44] LOG:  duration: 0.023 ms
2024-12-09 08:22:38.462 UTC [45] LOG:  connection received: host=172.18.0.1 port=51554
2024-12-09 08:22:38.465 UTC [45] LOG:  connection authorized: user=myuser database=currency_db
2024-12-09 08:22:38.467 UTC [45] LOG:  duration: 0.056 ms
2024-12-09 08:22:38.467 UTC [45] LOG:  duration: 0.005 ms
2024-12-09 08:22:38.467 UTC [45] LOG:  execute <unnamed>: SET extra_float_digits = 3
2024-12-09 08:22:38.467 UTC [45] LOG:  duration: 0.012 ms
2024-12-09 08:22:38.468 UTC [45] LOG:  duration: 0.013 ms
2024-12-09 08:22:38.468 UTC [45] LOG:  duration: 0.004 ms
2024-12-09 08:22:38.468 UTC [45] LOG:  execute <unnamed>: SET application_name = 'PostgreSQL JDBC Driver'
2024-12-09 08:22:38.468 UTC [45] LOG:  duration: 0.014 ms
2024-12-09 08:22:40.104 UTC [46] LOG:  connection received: host=172.18.0.1 port=51556
2024-12-09 08:22:40.108 UTC [46] LOG:  connection authorized: user=myuser database=currency_db
2024-12-09 08:22:40.111 UTC [46] LOG:  duration: 0.092 ms
2024-12-09 08:22:40.112 UTC [46] LOG:  duration: 0.025 ms
2024-12-09 08:22:40.112 UTC [46] LOG:  execute <unnamed>: SET extra_float_digits = 3
2024-12-09 08:22:40.112 UTC [46] LOG:  duration: 0.018 ms
2024-12-09 08:22:40.113 UTC [46] LOG:  duration: 0.033 ms
2024-12-09 08:22:40.113 UTC [46] LOG:  duration: 0.007 ms
2024-12-09 08:22:40.113 UTC [46] LOG:  execute <unnamed>: SET application_name = 'PostgreSQL JDBC Driver'
2024-12-09 08:22:40.113 UTC [46] LOG:  duration: 0.027 ms
2024-12-09 08:22:41.819 UTC [47] LOG:  connection received: host=172.18.0.1 port=51558
2024-12-09 08:22:41.822 UTC [47] LOG:  connection authorized: user=myuser database=currency_db
2024-12-09 08:22:41.826 UTC [47] LOG:  duration: 0.085 ms
2024-12-09 08:22:41.826 UTC [47] LOG:  duration: 0.010 ms
2024-12-09 08:22:41.826 UTC [47] LOG:  execute <unnamed>: SET extra_float_digits = 3
2024-12-09 08:22:41.826 UTC [47] LOG:  duration: 0.020 ms
2024-12-09 08:22:41.827 UTC [47] LOG:  duration: 0.021 ms
2024-12-09 08:22:41.827 UTC [47] LOG:  duration: 0.006 ms
2024-12-09 08:22:41.827 UTC [47] LOG:  execute <unnamed>: SET application_name = 'PostgreSQL JDBC Driver'
2024-12-09 08:22:41.827 UTC [47] LOG:  duration: 0.042 ms
2024-12-09 08:22:43.310 UTC [48] LOG:  connection received: host=172.18.0.1 port=51560
2024-12-09 08:22:43.315 UTC [48] LOG:  connection authorized: user=myuser database=currency_db
2024-12-09 08:22:43.319 UTC [48] LOG:  duration: 0.088 ms
2024-12-09 08:22:43.319 UTC [48] LOG:  duration: 0.010 ms
2024-12-09 08:22:43.319 UTC [48] LOG:  execute <unnamed>: SET extra_float_digits = 3
2024-12-09 08:22:43.319 UTC [48] LOG:  duration: 0.021 ms
2024-12-09 08:22:43.321 UTC [48] LOG:  duration: 0.018 ms
2024-12-09 08:22:43.321 UTC [48] LOG:  duration: 0.006 ms
2024-12-09 08:22:43.321 UTC [48] LOG:  execute <unnamed>: SET application_name = 'PostgreSQL JDBC Driver'
2024-12-09 08:22:43.321 UTC [48] LOG:  duration: 0.025 ms
2024-12-09 08:22:44.404 UTC [50] LOG:  connection received: host=172.18.0.1 port=51574
2024-12-09 08:22:44.408 UTC [50] LOG:  connection authorized: user=myuser database=currency_db
2024-12-09 08:22:44.410 UTC [50] LOG:  duration: 0.123 ms
2024-12-09 08:22:44.410 UTC [50] LOG:  duration: 0.008 ms
2024-12-09 08:22:44.410 UTC [50] LOG:  execute <unnamed>: SET extra_float_digits = 3
2024-12-09 08:22:44.410 UTC [50] LOG:  duration: 0.018 ms
2024-12-09 08:22:44.412 UTC [50] LOG:  duration: 0.011 ms
2024-12-09 08:22:44.412 UTC [50] LOG:  duration: 0.003 ms
2024-12-09 08:22:44.412 UTC [50] LOG:  execute <unnamed>: SET application_name = 'PostgreSQL JDBC Driver'
2024-12-09 08:22:44.412 UTC [50] LOG:  duration: 0.013 ms
2024-12-09 08:22:45.011 UTC [51] LOG:  connection received: host=172.18.0.1 port=51584
2024-12-09 08:22:45.014 UTC [51] LOG:  connection authorized: user=myuser database=currency_db
2024-12-09 08:22:45.017 UTC [51] LOG:  duration: 0.089 ms
2024-12-09 08:22:45.018 UTC [51] LOG:  duration: 0.006 ms
2024-12-09 08:22:45.018 UTC [51] LOG:  execute <unnamed>: SET extra_float_digits = 3
2024-12-09 08:22:45.018 UTC [51] LOG:  duration: 0.016 ms
2024-12-09 08:22:45.019 UTC [51] LOG:  duration: 0.014 ms
2024-12-09 08:22:45.019 UTC [51] LOG:  duration: 0.005 ms
2024-12-09 08:22:45.019 UTC [51] LOG:  execute <unnamed>: SET application_name = 'PostgreSQL JDBC Driver'
2024-12-09 08:22:45.019 UTC [51] LOG:  duration: 0.021 ms
2024-12-09 08:22:45.575 UTC [52] LOG:  connection received: host=172.18.0.1 port=51588
2024-12-09 08:22:45.578 UTC [52] LOG:  connection authorized: user=myuser database=currency_db
2024-12-09 08:22:45.581 UTC [52] LOG:  duration: 0.070 ms
2024-12-09 08:22:45.581 UTC [52] LOG:  duration: 0.007 ms
2024-12-09 08:22:45.581 UTC [52] LOG:  execute <unnamed>: SET extra_float_digits = 3
2024-12-09 08:22:45.581 UTC [52] LOG:  duration: 0.015 ms
2024-12-09 08:22:45.582 UTC [52] LOG:  duration: 0.013 ms
2024-12-09 08:22:45.582 UTC [52] LOG:  duration: 0.004 ms
2024-12-09 08:22:45.583 UTC [52] LOG:  execute <unnamed>: SET application_name = 'PostgreSQL JDBC Driver'
2024-12-09 08:22:45.583 UTC [52] LOG:  duration: 0.030 ms
2024-12-09 08:22:45.806 UTC [53] LOG:  connection received: host=172.18.0.1 port=51596
2024-12-09 08:22:45.809 UTC [53] LOG:  connection authorized: user=myuser database=currency_db
2024-12-09 08:22:45.812 UTC [53] LOG:  duration: 0.059 ms
2024-12-09 08:22:45.812 UTC [53] LOG:  duration: 0.007 ms
2024-12-09 08:22:45.812 UTC [53] LOG:  execute <unnamed>: SET extra_float_digits = 3
2024-12-09 08:22:45.812 UTC [53] LOG:  duration: 0.013 ms
2024-12-09 08:22:45.813 UTC [53] LOG:  duration: 0.037 ms
2024-12-09 08:22:45.813 UTC [53] LOG:  duration: 0.004 ms
2024-12-09 08:22:45.813 UTC [53] LOG:  execute <unnamed>: SET application_name = 'PostgreSQL JDBC Driver'
2024-12-09 08:22:45.813 UTC [53] LOG:  duration: 0.078 ms
2024-12-09 08:24:23.933 UTC [43] LOG:  duration: 0.045 ms
2024-12-09 08:24:23.933 UTC [43] LOG:  duration: 0.010 ms
2024-12-09 08:24:29.561 UTC [44] LOG:  duration: 0.044 ms
2024-12-09 08:24:29.561 UTC [44] LOG:  duration: 0.013 ms
2024-12-09 08:24:34.538 UTC [46] LOG:  duration: 0.021 ms
2024-12-09 08:24:34.538 UTC [46] LOG:  duration: 0.007 ms
2024-12-09 08:24:35.068 UTC [51] LOG:  duration: 0.027 ms
2024-12-09 08:24:35.068 UTC [51] LOG:  duration: 0.011 ms
2024-12-09 08:24:35.237 UTC [52] LOG:  duration: 0.018 ms
2024-12-09 08:24:35.237 UTC [52] LOG:  duration: 0.006 ms
2024-12-09 08:24:35.941 UTC [48] LOG:  duration: 0.019 ms
2024-12-09 08:24:35.941 UTC [48] LOG:  duration: 0.007 ms
2024-12-09 08:24:36.362 UTC [50] LOG:  duration: 0.020 ms
2024-12-09 08:24:36.362 UTC [50] LOG:  duration: 0.007 ms
2024-12-09 08:24:36.453 UTC [45] LOG:  duration: 0.018 ms
2024-12-09 08:24:36.454 UTC [45] LOG:  duration: 0.004 ms
2024-12-09 08:24:36.565 UTC [53] LOG:  duration: 0.016 ms
2024-12-09 08:24:36.565 UTC [53] LOG:  duration: 0.006 ms
2024-12-09 08:24:41.756 UTC [47] LOG:  duration: 0.041 ms
2024-12-09 08:24:41.756 UTC [47] LOG:  duration: 0.008 ms
2024-12-09 08:25:21.341 UTC [61] LOG:  connection received: host=172.18.0.1 port=37948
2024-12-09 08:25:21.343 UTC [61] LOG:  connection authorized: user=myuser database=currency_db
2024-12-09 08:25:21.346 UTC [61] LOG:  duration: 0.109 ms
2024-12-09 08:25:21.346 UTC [61] LOG:  duration: 0.009 ms
2024-12-09 08:25:21.346 UTC [61] LOG:  execute <unnamed>: SET extra_float_digits = 3
2024-12-09 08:25:21.346 UTC [61] LOG:  duration: 0.021 ms
2024-12-09 08:25:21.347 UTC [61] LOG:  duration: 0.027 ms
2024-12-09 08:25:21.347 UTC [61] LOG:  duration: 0.006 ms
2024-12-09 08:25:21.347 UTC [61] LOG:  execute <unnamed>: SET application_name = 'PostgreSQL JDBC Driver'
2024-12-09 08:25:21.347 UTC [61] LOG:  duration: 0.026 ms
2024-12-09 08:25:21.350 UTC [61] LOG:  duration: 0.398 ms
2024-12-09 08:25:21.350 UTC [61] LOG:  duration: 0.068 ms
2024-12-09 08:25:21.350 UTC [61] LOG:  execute <unnamed>: select version()
2024-12-09 08:25:21.350 UTC [61] LOG:  duration: 0.018 ms
2024-12-09 08:25:21.371 UTC [61] LOG:  duration: 0.021 ms
2024-12-09 08:25:21.371 UTC [61] LOG:  duration: 0.005 ms
2024-12-09 08:25:21.379 UTC [61] LOG:  duration: 0.909 ms
2024-12-09 08:25:21.379 UTC [61] LOG:  duration: 0.074 ms
2024-12-09 08:25:21.379 UTC [61] LOG:  execute <unnamed>: select current_database() as a, current_schemas(false) as b
2024-12-09 08:25:21.379 UTC [61] LOG:  duration: 0.097 ms
2024-12-09 08:25:21.386 UTC [61] LOG:  duration: 0.789 ms
2024-12-09 08:25:21.387 UTC [61] LOG:  duration: 1.037 ms
2024-12-09 08:25:21.387 UTC [61] LOG:  execute <unnamed>: SELECT e.typdelim FROM pg_catalog.pg_type t, pg_catalog.pg_type e WHERE t.oid = $1 and t.typelem = e.oid
2024-12-09 08:25:21.387 UTC [61] DETAIL:  parameters: $1 = '1003'
2024-12-09 08:25:21.387 UTC [61] LOG:  duration: 0.041 ms
2024-12-09 08:25:21.507 UTC [61] LOG:  duration: 0.123 ms
2024-12-09 08:25:21.507 UTC [61] LOG:  duration: 0.010 ms
2024-12-09 08:25:21.507 UTC [61] LOG:  execute <unnamed>: SHOW logging_collector
2024-12-09 08:25:21.507 UTC [61] LOG:  duration: 0.019 ms
2024-12-09 08:25:21.570 UTC [61] LOG:  duration: 0.091 ms
2024-12-09 08:25:21.570 UTC [61] LOG:  duration: 0.047 ms
2024-12-09 08:25:21.570 UTC [61] LOG:  execute <unnamed>: select current_database() as a, current_schemas(false) as b
2024-12-09 08:25:21.570 UTC [61] LOG:  duration: 0.021 ms
2024-12-09 08:25:21.579 UTC [61] LOG:  duration: 0.041 ms
2024-12-09 08:25:21.580 UTC [61] LOG:  duration: 0.010 ms
2024-12-09 08:25:21.580 UTC [61] LOG:  execute <unnamed>: SHOW TRANSACTION ISOLATION LEVEL
2024-12-09 08:25:21.580 UTC [61] LOG:  duration: 0.018 ms
2024-12-09 08:25:37.378 UTC [61] LOG:  duration: 0.020 ms
2024-12-09 08:25:37.378 UTC [61] LOG:  duration: 0.006 ms
2024-12-09 08:25:37.379 UTC [61] LOG:  duration: 0.015 ms
2024-12-09 08:25:37.379 UTC [61] LOG:  duration: 0.005 ms
2024-12-09 08:25:37.381 UTC [61] LOG:  duration: 0.022 ms
2024-12-09 08:25:37.381 UTC [61] LOG:  duration: 0.004 ms
2024-12-09 08:25:37.386 UTC [61] LOG:  duration: 0.035 ms
2024-12-09 08:25:37.386 UTC [61] LOG:  duration: 0.008 ms
2024-12-09 08:25:37.386 UTC [61] LOG:  execute <unnamed>: SHOW TRANSACTION ISOLATION LEVEL
2024-12-09 08:25:37.386 UTC [61] LOG:  duration: 0.017 ms
2024-12-09 08:25:37.393 UTC [61] LOG:  duration: 0.032 ms
2024-12-09 08:25:37.393 UTC [61] LOG:  duration: 0.009 ms
2024-12-09 08:25:37.393 UTC [61] LOG:  execute <unnamed>: SHOW logging_collector
2024-12-09 08:25:37.393 UTC [61] LOG:  duration: 0.017 ms
2024-12-09 08:25:37.427 UTC [61] LOG:  duration: 0.035 ms
2024-12-09 08:25:37.427 UTC [61] LOG:  duration: 0.014 ms
2024-12-09 08:25:37.427 UTC [61] LOG:  execute <unnamed>: SHOW TRANSACTION ISOLATION LEVEL
2024-12-09 08:25:37.427 UTC [61] LOG:  duration: 0.017 ms
2024-12-09 08:25:37.430 UTC [61] LOG:  duration: 0.056 ms
2024-12-09 08:25:37.430 UTC [61] LOG:  duration: 0.019 ms
2024-12-09 08:25:37.432 UTC [61] LOG:  duration: 0.015 ms
2024-12-09 08:25:37.434 UTC [61] LOG:  duration: 0.012 ms
2024-12-09 08:25:37.437 UTC [61] LOG:  duration: 0.064 ms
2024-12-09 08:25:37.437 UTC [61] LOG:  duration: 0.009 ms
2024-12-09 08:25:37.437 UTC [61] LOG:  execute <unnamed>: SHOW TRANSACTION ISOLATION LEVEL
2024-12-09 08:25:37.437 UTC [61] LOG:  duration: 0.019 ms
2024-12-09 08:25:37.442 UTC [61] LOG:  duration: 0.030 ms
2024-12-09 08:25:37.442 UTC [61] LOG:  duration: 0.007 ms
2024-12-09 08:25:37.442 UTC [61] LOG:  execute <unnamed>: SHOW logging_collector
2024-12-09 08:25:37.442 UTC [61] LOG:  duration: 0.015 ms
2024-12-09 08:25:37.549 UTC [61] LOG:  duration: 0.038 ms
2024-12-09 08:25:37.549 UTC [61] LOG:  duration: 0.021 ms
2024-12-09 08:25:37.549 UTC [61] LOG:  execute <unnamed>: SHOW TRANSACTION ISOLATION LEVEL
2024-12-09 08:25:37.549 UTC [61] LOG:  duration: 0.017 ms
2024-12-09 08:25:37.574 UTC [61] LOG:  duration: 0.018 ms
2024-12-09 08:25:37.575 UTC [61] LOG:  duration: 0.012 ms
2024-12-09 08:25:37.577 UTC [61] LOG:  duration: 0.018 ms
2024-12-09 08:25:37.582 UTC [61] LOG:  duration: 0.034 ms
2024-12-09 08:25:37.582 UTC [61] LOG:  duration: 0.008 ms
2024-12-09 08:25:37.582 UTC [61] LOG:  execute <unnamed>: SHOW TRANSACTION ISOLATION LEVEL
2024-12-09 08:25:37.582 UTC [61] LOG:  duration: 0.015 ms
2024-12-09 08:25:37.586 UTC [61] LOG:  duration: 0.034 ms
2024-12-09 08:25:37.586 UTC [61] LOG:  duration: 0.009 ms
2024-12-09 08:25:37.586 UTC [61] LOG:  execute <unnamed>: SHOW log_directory
2024-12-09 08:25:37.586 UTC [61] LOG:  duration: 0.017 ms
2024-12-09 08:25:37.716 UTC [61] LOG:  duration: 0.041 ms
2024-12-09 08:25:37.716 UTC [61] LOG:  duration: 0.009 ms
2024-12-09 08:25:37.716 UTC [61] LOG:  execute <unnamed>: SHOW TRANSACTION ISOLATION LEVEL
2024-12-09 08:25:37.716 UTC [61] LOG:  duration: 0.025 ms
2024-12-09 08:25:37.729 UTC [61] LOG:  duration: 0.017 ms
2024-12-09 08:25:37.744 UTC [61] LOG:  duration: 0.019 ms
2024-12-09 08:25:37.746 UTC [61] LOG:  duration: 0.015 ms
2024-12-09 08:25:37.750 UTC [61] LOG:  duration: 0.110 ms
2024-12-09 08:25:37.750 UTC [61] LOG:  duration: 0.010 ms
2024-12-09 08:25:37.750 UTC [61] LOG:  execute <unnamed>: SHOW TRANSACTION ISOLATION LEVEL
2024-12-09 08:25:37.750 UTC [61] LOG:  duration: 0.017 ms
2024-12-09 08:25:37.754 UTC [61] LOG:  duration: 0.040 ms
2024-12-09 08:25:37.754 UTC [61] LOG:  duration: 0.009 ms
2024-12-09 08:25:37.754 UTC [61] LOG:  execute <unnamed>: SHOW log_filename
2024-12-09 08:25:37.754 UTC [61] LOG:  duration: 0.019 ms
2024-12-09 08:25:37.842 UTC [61] LOG:  duration: 0.042 ms
2024-12-09 08:25:37.842 UTC [61] LOG:  duration: 0.009 ms
2024-12-09 08:25:37.842 UTC [61] LOG:  execute <unnamed>: SHOW TRANSACTION ISOLATION LEVEL
2024-12-09 08:25:37.842 UTC [61] LOG:  duration: 0.018 ms
2024-12-09 08:25:37.900 UTC [61] LOG:  duration: 0.025 ms
2024-12-09 08:25:37.902 UTC [61] LOG:  duration: 0.016 ms
2024-12-09 08:25:37.905 UTC [61] LOG:  duration: 0.019 ms
2024-12-09 08:25:37.908 UTC [61] LOG:  duration: 0.035 ms
2024-12-09 08:25:37.908 UTC [61] LOG:  duration: 0.006 ms
2024-12-09 08:25:37.908 UTC [61] LOG:  execute <unnamed>: SHOW TRANSACTION ISOLATION LEVEL
2024-12-09 08:25:37.908 UTC [61] LOG:  duration: 0.013 ms
2024-12-09 08:25:37.913 UTC [61] LOG:  duration: 0.038 ms
2024-12-09 08:25:37.913 UTC [61] LOG:  duration: 0.008 ms
2024-12-09 08:25:37.913 UTC [61] LOG:  execute <unnamed>: SHOW log_statement
2024-12-09 08:25:37.913 UTC [61] LOG:  duration: 0.059 ms
2024-12-09 08:25:38.029 UTC [61] LOG:  duration: 0.091 ms
2024-12-09 08:25:38.030 UTC [61] LOG:  duration: 0.035 ms
2024-12-09 08:25:38.030 UTC [61] LOG:  execute <unnamed>: select current_database() as a, current_schemas(false) as b
2024-12-09 08:25:38.030 UTC [61] LOG:  duration: 0.017 ms
2024-12-09 08:25:38.037 UTC [61] LOG:  duration: 0.046 ms
2024-12-09 08:25:38.037 UTC [61] LOG:  duration: 0.009 ms
2024-12-09 08:25:38.037 UTC [61] LOG:  execute <unnamed>: SHOW TRANSACTION ISOLATION LEVEL
2024-12-09 08:25:38.037 UTC [61] LOG:  duration: 0.018 ms
2024-12-09 08:26:12.432 UTC [43] LOG:  duration: 0.033 ms
2024-12-09 08:26:12.432 UTC [43] LOG:  duration: 0.011 ms
2024-12-09 08:26:21.483 UTC [44] LOG:  duration: 0.024 ms
2024-12-09 08:26:21.483 UTC [44] LOG:  duration: 0.011 ms
2024-12-09 08:26:24.898 UTC [52] LOG:  duration: 0.022 ms
2024-12-09 08:26:24.899 UTC [52] LOG:  duration: 0.006 ms
2024-12-09 08:26:25.102 UTC [51] LOG:  duration: 0.023 ms
2024-12-09 08:26:25.102 UTC [51] LOG:  duration: 0.006 ms
2024-12-09 08:26:27.314 UTC [53] LOG:  duration: 0.019 ms
2024-12-09 08:26:27.314 UTC [53] LOG:  duration: 0.006 ms
2024-12-09 08:26:28.316 UTC [50] LOG:  duration: 0.019 ms
2024-12-09 08:26:28.316 UTC [50] LOG:  duration: 0.005 ms
2024-12-09 08:26:28.551 UTC [48] LOG:  duration: 0.018 ms
2024-12-09 08:26:28.551 UTC [48] LOG:  duration: 0.006 ms
2024-12-09 08:26:28.970 UTC [46] LOG:  duration: 0.018 ms
2024-12-09 08:26:28.970 UTC [46] LOG:  duration: 0.005 ms
2024-12-09 08:26:34.447 UTC [45] LOG:  duration: 0.031 ms
2024-12-09 08:26:34.447 UTC [45] LOG:  duration: 0.011 ms
2024-12-09 08:26:41.690 UTC [47] LOG:  duration: 0.020 ms
2024-12-09 08:26:41.690 UTC [47] LOG:  duration: 0.006 ms
2024-12-09 08:28:00.926 UTC [43] LOG:  duration: 0.033 ms
2024-12-09 08:28:00.926 UTC [43] LOG:  duration: 0.011 ms
2024-12-09 08:28:13.404 UTC [44] LOG:  duration: 0.021 ms
2024-12-09 08:28:13.404 UTC [44] LOG:  duration: 0.007 ms
2024-12-09 08:28:14.555 UTC [52] LOG:  duration: 0.030 ms
2024-12-09 08:28:14.555 UTC [52] LOG:  duration: 0.010 ms
2024-12-09 08:28:15.147 UTC [51] LOG:  duration: 0.047 ms
2024-12-09 08:28:15.147 UTC [51] LOG:  duration: 0.007 ms
2024-12-09 08:28:18.069 UTC [53] LOG:  duration: 0.022 ms
2024-12-09 08:28:18.069 UTC [53] LOG:  duration: 0.007 ms
2024-12-09 08:28:20.265 UTC [50] LOG:  duration: 0.026 ms
2024-12-09 08:28:20.265 UTC [50] LOG:  duration: 0.009 ms
2024-12-09 08:28:21.166 UTC [48] LOG:  duration: 0.028 ms
2024-12-09 08:28:21.166 UTC [48] LOG:  duration: 0.010 ms
2024-12-09 08:28:23.393 UTC [46] LOG:  duration: 0.019 ms
2024-12-09 08:28:23.393 UTC [46] LOG:  duration: 0.005 ms
2024-12-09 08:28:32.443 UTC [45] LOG:  duration: 0.025 ms
2024-12-09 08:28:32.443 UTC [45] LOG:  duration: 0.008 ms
2024-12-09 08:28:41.617 UTC [47] LOG:  duration: 0.021 ms
2024-12-09 08:28:41.617 UTC [47] LOG:  duration: 0.007 ms
2024-12-09 08:29:49.424 UTC [43] LOG:  duration: 0.031 ms
2024-12-09 08:29:49.424 UTC [43] LOG:  duration: 0.006 ms
2024-12-09 08:30:04.214 UTC [52] LOG:  duration: 0.020 ms
2024-12-09 08:30:04.214 UTC [52] LOG:  duration: 0.007 ms
2024-12-09 08:30:05.181 UTC [51] LOG:  duration: 0.019 ms
2024-12-09 08:30:05.181 UTC [51] LOG:  duration: 0.005 ms
2024-12-09 08:30:05.323 UTC [44] LOG:  duration: 0.018 ms
2024-12-09 08:30:05.323 UTC [44] LOG:  duration: 0.005 ms
2024-12-09 08:30:08.823 UTC [53] LOG:  duration: 0.020 ms
2024-12-09 08:30:08.823 UTC [53] LOG:  duration: 0.006 ms
2024-12-09 08:30:12.222 UTC [50] LOG:  duration: 0.029 ms
2024-12-09 08:30:12.222 UTC [50] LOG:  duration: 0.011 ms
2024-12-09 08:30:13.773 UTC [48] LOG:  duration: 0.025 ms
2024-12-09 08:30:13.773 UTC [48] LOG:  duration: 0.008 ms
2024-12-09 08:30:17.819 UTC [46] LOG:  duration: 0.026 ms
2024-12-09 08:30:17.819 UTC [46] LOG:  duration: 0.010 ms
2024-12-09 08:30:24.381 UTC [1] LOG:  received fast shutdown request
2024-12-09 08:30:24.384 UTC [1] LOG:  aborting any active transactions
2024-12-09 08:30:24.384 UTC [53] FATAL:  terminating connection due to administrator command
2024-12-09 08:30:24.384 UTC [61] FATAL:  terminating connection due to administrator command
2024-12-09 08:30:24.384 UTC [52] FATAL:  terminating connection due to administrator command
2024-12-09 08:30:24.384 UTC [51] FATAL:  terminating connection due to administrator command
2024-12-09 08:30:24.384 UTC [48] FATAL:  terminating connection due to administrator command
2024-12-09 08:30:24.384 UTC [43] FATAL:  terminating connection due to administrator command
2024-12-09 08:30:24.384 UTC [46] FATAL:  terminating connection due to administrator command
2024-12-09 08:30:24.384 UTC [50] FATAL:  terminating connection due to administrator command
2024-12-09 08:30:24.386 UTC [47] FATAL:  terminating connection due to administrator command
2024-12-09 08:30:24.387 UTC [45] FATAL:  terminating connection due to administrator command
2024-12-09 08:30:24.387 UTC [44] FATAL:  terminating connection due to administrator command
2024-12-09 08:30:24.389 UTC [1] LOG:  background worker "logical replication launcher" (PID 34) exited with exit code 1
2024-12-09 08:30:24.391 UTC [29] LOG:  shutting down
2024-12-09 08:30:24.413 UTC [1] LOG:  database system is shut down
