2024-12-09 08:30:50.705 UTC [28] LOG:  database system was shut down at 2024-12-09 08:30:45 UTC
2024-12-09 08:30:50.712 UTC [1] LOG:  database system is ready to accept connections
2024-12-09 08:37:29.341 UTC [54] LOG:  connection received: host=172.18.0.1 port=57700
2024-12-09 08:37:29.369 UTC [54] LOG:  connection authorized: user=myuser database=currency_db
2024-12-09 08:37:29.442 UTC [54] LOG:  duration: 0.121 ms
2024-12-09 08:37:29.442 UTC [54] LOG:  duration: 0.011 ms
2024-12-09 08:37:29.442 UTC [54] LOG:  execute <unnamed>: SET extra_float_digits = 3
2024-12-09 08:37:29.442 UTC [54] LOG:  duration: 0.025 ms
2024-12-09 08:37:29.443 UTC [54] LOG:  duration: 0.037 ms
2024-12-09 08:37:29.443 UTC [54] LOG:  duration: 0.010 ms
2024-12-09 08:37:29.443 UTC [54] LOG:  execute <unnamed>: SET application_name = 'PostgreSQL JDBC Driver'
2024-12-09 08:37:29.443 UTC [54] LOG:  duration: 0.035 ms
2024-12-09 08:37:29.494 UTC [54] LOG:  duration: 0.022 ms
2024-12-09 08:37:29.494 UTC [54] LOG:  duration: 0.006 ms
2024-12-09 08:37:29.495 UTC [54] LOG:  duration: 0.160 ms
2024-12-09 08:37:29.495 UTC [54] LOG:  duration: 0.007 ms
2024-12-09 08:37:29.495 UTC [54] LOG:  execute <unnamed>: SHOW TRANSACTION ISOLATION LEVEL
2024-12-09 08:37:29.495 UTC [54] LOG:  duration: 0.025 ms
2024-12-09 08:37:29.629 UTC [55] LOG:  connection received: host=172.18.0.1 port=57716
2024-12-09 08:37:29.632 UTC [55] LOG:  connection authorized: user=myuser database=currency_db
2024-12-09 08:37:29.636 UTC [55] LOG:  duration: 0.099 ms
2024-12-09 08:37:29.636 UTC [55] LOG:  duration: 0.011 ms
2024-12-09 08:37:29.636 UTC [55] LOG:  execute <unnamed>: SET extra_float_digits = 3
2024-12-09 08:37:29.636 UTC [55] LOG:  duration: 0.030 ms
2024-12-09 08:37:29.637 UTC [55] LOG:  duration: 0.029 ms
2024-12-09 08:37:29.637 UTC [55] LOG:  duration: 0.007 ms
2024-12-09 08:37:29.637 UTC [55] LOG:  execute <unnamed>: SET application_name = 'PostgreSQL JDBC Driver'
2024-12-09 08:37:29.637 UTC [55] LOG:  duration: 0.029 ms
2024-12-09 08:37:29.673 UTC [56] LOG:  connection received: host=172.18.0.1 port=57726
2024-12-09 08:37:29.677 UTC [56] LOG:  connection authorized: user=myuser database=currency_db
2024-12-09 08:37:29.682 UTC [56] LOG:  duration: 0.098 ms
2024-12-09 08:37:29.682 UTC [56] LOG:  duration: 0.010 ms
2024-12-09 08:37:29.682 UTC [56] LOG:  execute <unnamed>: SET extra_float_digits = 3
2024-12-09 08:37:29.682 UTC [56] LOG:  duration: 0.023 ms
2024-12-09 08:37:29.683 UTC [56] LOG:  duration: 0.044 ms
2024-12-09 08:37:29.683 UTC [56] LOG:  duration: 0.011 ms
2024-12-09 08:37:29.683 UTC [56] LOG:  execute <unnamed>: SET application_name = 'PostgreSQL JDBC Driver'
2024-12-09 08:37:29.683 UTC [56] LOG:  duration: 0.044 ms
2024-12-09 08:37:29.720 UTC [57] LOG:  connection received: host=172.18.0.1 port=57736
2024-12-09 08:37:29.723 UTC [57] LOG:  connection authorized: user=myuser database=currency_db
2024-12-09 08:37:29.726 UTC [57] LOG:  duration: 0.126 ms
2024-12-09 08:37:29.726 UTC [57] LOG:  duration: 0.012 ms
2024-12-09 08:37:29.726 UTC [57] LOG:  execute <unnamed>: SET extra_float_digits = 3
2024-12-09 08:37:29.726 UTC [57] LOG:  duration: 0.027 ms
2024-12-09 08:37:29.727 UTC [57] LOG:  duration: 0.043 ms
2024-12-09 08:37:29.728 UTC [57] LOG:  duration: 0.012 ms
2024-12-09 08:37:29.728 UTC [57] LOG:  execute <unnamed>: SET application_name = 'PostgreSQL JDBC Driver'
2024-12-09 08:37:29.728 UTC [57] LOG:  duration: 0.045 ms
2024-12-09 08:37:29.766 UTC [58] LOG:  connection received: host=172.18.0.1 port=57752
2024-12-09 08:37:29.769 UTC [58] LOG:  connection authorized: user=myuser database=currency_db
2024-12-09 08:37:29.772 UTC [58] LOG:  duration: 0.074 ms
2024-12-09 08:37:29.772 UTC [58] LOG:  duration: 0.007 ms
2024-12-09 08:37:29.772 UTC [58] LOG:  execute <unnamed>: SET extra_float_digits = 3
2024-12-09 08:37:29.772 UTC [58] LOG:  duration: 0.020 ms
2024-12-09 08:37:29.773 UTC [58] LOG:  duration: 0.027 ms
2024-12-09 08:37:29.773 UTC [58] LOG:  duration: 0.008 ms
2024-12-09 08:37:29.773 UTC [58] LOG:  execute <unnamed>: SET application_name = 'PostgreSQL JDBC Driver'
2024-12-09 08:37:29.773 UTC [58] LOG:  duration: 0.052 ms
2024-12-09 08:37:29.817 UTC [59] LOG:  connection received: host=172.18.0.1 port=57766
2024-12-09 08:37:29.820 UTC [59] LOG:  connection authorized: user=myuser database=currency_db
2024-12-09 08:37:29.825 UTC [59] LOG:  duration: 0.088 ms
2024-12-09 08:37:29.825 UTC [59] LOG:  duration: 0.010 ms
2024-12-09 08:37:29.825 UTC [59] LOG:  execute <unnamed>: SET extra_float_digits = 3
2024-12-09 08:37:29.825 UTC [59] LOG:  duration: 0.023 ms
2024-12-09 08:37:29.826 UTC [59] LOG:  duration: 0.037 ms
2024-12-09 08:37:29.826 UTC [59] LOG:  duration: 0.010 ms
2024-12-09 08:37:29.826 UTC [59] LOG:  execute <unnamed>: SET application_name = 'PostgreSQL JDBC Driver'
2024-12-09 08:37:29.826 UTC [59] LOG:  duration: 0.040 ms
2024-12-09 08:37:29.874 UTC [60] LOG:  connection received: host=172.18.0.1 port=57768
2024-12-09 08:37:29.877 UTC [60] LOG:  connection authorized: user=myuser database=currency_db
2024-12-09 08:37:29.880 UTC [60] LOG:  duration: 0.074 ms
2024-12-09 08:37:29.880 UTC [60] LOG:  duration: 0.008 ms
2024-12-09 08:37:29.880 UTC [60] LOG:  execute <unnamed>: SET extra_float_digits = 3
2024-12-09 08:37:29.880 UTC [60] LOG:  duration: 0.017 ms
2024-12-09 08:37:29.881 UTC [60] LOG:  duration: 0.026 ms
2024-12-09 08:37:29.881 UTC [60] LOG:  duration: 0.005 ms
2024-12-09 08:37:29.881 UTC [60] LOG:  execute <unnamed>: SET application_name = 'PostgreSQL JDBC Driver'
2024-12-09 08:37:29.882 UTC [60] LOG:  duration: 0.023 ms
2024-12-09 08:37:29.921 UTC [61] LOG:  connection received: host=172.18.0.1 port=57780
2024-12-09 08:37:29.925 UTC [61] LOG:  connection authorized: user=myuser database=currency_db
2024-12-09 08:37:29.929 UTC [61] LOG:  duration: 0.100 ms
2024-12-09 08:37:29.929 UTC [61] LOG:  duration: 0.010 ms
2024-12-09 08:37:29.929 UTC [61] LOG:  execute <unnamed>: SET extra_float_digits = 3
2024-12-09 08:37:29.929 UTC [61] LOG:  duration: 0.024 ms
2024-12-09 08:37:29.930 UTC [61] LOG:  duration: 0.054 ms
2024-12-09 08:37:29.930 UTC [61] LOG:  duration: 0.009 ms
2024-12-09 08:37:29.930 UTC [61] LOG:  execute <unnamed>: SET application_name = 'PostgreSQL JDBC Driver'
2024-12-09 08:37:29.930 UTC [61] LOG:  duration: 0.035 ms
2024-12-09 08:37:29.966 UTC [62] LOG:  connection received: host=172.18.0.1 port=57784
2024-12-09 08:37:29.970 UTC [62] LOG:  connection authorized: user=myuser database=currency_db
2024-12-09 08:37:29.973 UTC [62] LOG:  duration: 0.267 ms
2024-12-09 08:37:29.973 UTC [62] LOG:  duration: 0.008 ms
2024-12-09 08:37:29.973 UTC [62] LOG:  execute <unnamed>: SET extra_float_digits = 3
2024-12-09 08:37:29.973 UTC [62] LOG:  duration: 0.019 ms
2024-12-09 08:37:29.974 UTC [62] LOG:  duration: 0.041 ms
2024-12-09 08:37:29.974 UTC [62] LOG:  duration: 0.006 ms
2024-12-09 08:37:29.974 UTC [62] LOG:  execute <unnamed>: SET application_name = 'PostgreSQL JDBC Driver'
2024-12-09 08:37:29.974 UTC [62] LOG:  duration: 0.024 ms
2024-12-09 08:37:30.013 UTC [63] LOG:  connection received: host=172.18.0.1 port=57796
2024-12-09 08:37:30.015 UTC [63] LOG:  connection authorized: user=myuser database=currency_db
2024-12-09 08:37:30.018 UTC [63] LOG:  duration: 0.083 ms
2024-12-09 08:37:30.018 UTC [63] LOG:  duration: 0.007 ms
2024-12-09 08:37:30.018 UTC [63] LOG:  execute <unnamed>: SET extra_float_digits = 3
2024-12-09 08:37:30.018 UTC [63] LOG:  duration: 0.015 ms
2024-12-09 08:37:30.019 UTC [63] LOG:  duration: 0.020 ms
2024-12-09 08:37:30.019 UTC [63] LOG:  duration: 0.006 ms
2024-12-09 08:37:30.019 UTC [63] LOG:  execute <unnamed>: SET application_name = 'PostgreSQL JDBC Driver'
2024-12-09 08:37:30.019 UTC [63] LOG:  duration: 0.037 ms
2024-12-09 08:37:30.140 UTC [64] LOG:  connection received: host=172.18.0.1 port=57804
2024-12-09 08:37:30.142 UTC [64] LOG:  connection authorized: user=myuser database=currency_db
2024-12-09 08:37:30.145 UTC [64] LOG:  duration: 0.086 ms
2024-12-09 08:37:30.145 UTC [64] LOG:  duration: 0.006 ms
2024-12-09 08:37:30.145 UTC [64] LOG:  execute <unnamed>: SET extra_float_digits = 3
2024-12-09 08:37:30.145 UTC [64] LOG:  duration: 0.014 ms
2024-12-09 08:37:30.146 UTC [64] LOG:  duration: 0.019 ms
2024-12-09 08:37:30.146 UTC [64] LOG:  duration: 0.004 ms
2024-12-09 08:37:30.146 UTC [64] LOG:  execute <unnamed>: SET application_name = 'PostgreSQL JDBC Driver'
2024-12-09 08:37:30.146 UTC [64] LOG:  duration: 0.017 ms
2024-12-09 08:37:30.183 UTC [64] LOG:  duration: 0.042 ms
2024-12-09 08:37:30.183 UTC [64] LOG:  duration: 0.019 ms
2024-12-09 08:37:30.183 UTC [64] LOG:  execute <unnamed>: BEGIN
2024-12-09 08:37:30.183 UTC [64] LOG:  duration: 0.007 ms
2024-12-09 08:37:30.184 UTC [64] LOG:  duration: 0.863 ms
2024-12-09 08:37:30.184 UTC [64] LOG:  duration: 0.530 ms
2024-12-09 08:37:30.184 UTC [64] LOG:  execute <unnamed>: select string_agg(word, ',') from pg_catalog.pg_get_keywords() where word <> ALL ('{a,abs,absolute,action,ada,add,admin,after,all,allocate,alter,always,and,any,are,array,as,asc,asensitive,assertion,assignment,asymmetric,at,atomic,attribute,attributes,authorization,avg,before,begin,bernoulli,between,bigint,binary,blob,boolean,both,breadth,by,c,call,called,cardinality,cascade,cascaded,case,cast,catalog,catalog_name,ceil,ceiling,chain,char,char_length,character,character_length,character_set_catalog,character_set_name,character_set_schema,characteristics,characters,check,checked,class_origin,clob,close,coalesce,cobol,code_units,collate,collation,collation_catalog,collation_name,collation_schema,collect,column,column_name,command_function,command_function_code,commit,committed,condition,condition_number,connect,connection_name,constraint,constraint_catalog,constraint_name,constraint_schema,constraints,constructors,contains,continue,convert,corr,corresponding,count,covar_pop,covar_samp,create,cross,cube,cume_dist,current,current_collation,current_date,current_default_transform_group,current_path,current_role,current_time,current_timestamp,current_transform_group_for_type,current_user,cursor,cursor_name,cycle,data,date,datetime_interval_code,datetime_interval_precision,day,deallocate,dec,decimal,declare,default,defaults,deferrable,deferred,defined,definer,degree,delete,dense_rank,depth,deref,derived,desc,describe,descriptor,deterministic,diagnostics,disconnect,dispatch,distinct,domain,double,drop,dynamic,dynamic_function,dynamic_function_code,each,element,else,end,end-exec,equals,escape,every,except,exception,exclude,excluding,exec,execute,exists,exp,external,extract,false,fetch,filter,final,first,float,floor,following,for,foreign,fortran,found,free,from,full,function,fusion,g,general,get,global,go,goto,grant,granted,group,grouping,having,hierarchy,hold,hour,identity,immediate,implementation,in,including,increment,indicator,initially,inner,inout,input,insensitive,insert,instance,instantiable,int,integer,intersect,intersection,interval,into,invoker,is,isolation,join,k,key,key_member,key_type,language,large,last,lateral,leading,left,length,level,like,ln,local,localtime,localtimestamp,locator,lower,m,map,match,matched,max,maxvalue,member,merge,message_length,message_octet_length,message_text,method,min,minute,minvalue,mod,modifies,module,month,more,multiset,mumps,name,names,national,natural,nchar,nclob,nesting,new,next,no,none,normalize,normalized,not,"null",nullable,nullif,nulls,number,numeric,object,octet_length,octets,of,old,on,only,open,option,options,or,order,ordering,ordinality,others,out,outer,output,over,overlaps,overlay,overriding,pad,parameter,parameter_mode,parameter_name,parameter_ordinal_position,parameter_specific_catalog,parameter_specific_name,parameter_specific_schema,partial,partition,pascal,path,percent_rank,percentile_cont,percentile_disc,placing,pli,position,power,preceding,precision,prepare,preserve,primary,prior,privileges,procedure,public,range,rank,read,reads,real,recursive,ref,references,referencing,regr_avgx,regr_avgy,regr_count,regr_intercept,regr_r2,regr_slope,regr_sxx,regr_sxy,regr_syy,relative,release,repeatable,restart,result,return,returned_cardinality,returned_length,returned_octet_length,returned_sqlstate,returns,revoke,right,role,rollback,rollup,routine,routine_catalog,routine_name,routine_schema,row,row_count,row_number,rows,savepoint,scale,schema,schema_name,scope_catalog,scope_name,scope_schema,scroll,search,second,section,security,select,self,sensitive,sequence,serializable,server_name,session,session_user,set,sets,similar,simple,size,smallint,some,source,space,specific,specific_name,specifictype,sql,sqlexception,sqlstate,sqlwarning,sqrt,start,state,statement,static,stddev_pop,stddev_samp,structure,style,subclass_origin,submultiset,substring,sum,symmetric,system,system_user,table,table_name,tablesample,temporary,then,ties,time,timestamp,timezone_hour,timezone_minute,to,top_level_count,trailing,transaction,transaction_active,transactions_committed,transactions_rolled_back,transform,transforms,translate,translation,treat,trigger,trigger_catalog,trigger_name,trigger_schema,trim,true,type,uescape,unbounded,uncommitted,under,union,unique,unknown,unnamed,unnest,update,upper,usage,user,user_defined_type_catalog,user_defined_type_code,user_defined_type_name,user_defined_type_schema,using,value,values,var_pop,var_samp,varchar,varying,view,when,whenever,where,width_bucket,window,with,within,without,work,write,year,zone}'::text[])
2024-12-09 08:37:30.187 UTC [64] LOG:  duration: 3.022 ms
2024-12-09 08:37:30.214 UTC [64] LOG:  duration: 0.159 ms
2024-12-09 08:37:30.215 UTC [64] LOG:  duration: 0.128 ms
2024-12-09 08:37:30.215 UTC [64] LOG:  execute <unnamed>: select version()
2024-12-09 08:37:30.215 UTC [64] LOG:  duration: 0.017 ms
2024-12-09 08:37:30.266 UTC [64] LOG:  duration: 0.147 ms
2024-12-09 08:37:30.266 UTC [64] LOG:  duration: 0.042 ms
2024-12-09 08:37:30.266 UTC [64] LOG:  execute <unnamed>: select current_schema()
2024-12-09 08:37:30.266 UTC [64] LOG:  duration: 0.079 ms
2024-12-09 08:37:30.268 UTC [64] LOG:  duration: 0.043 ms
2024-12-09 08:37:30.268 UTC [64] LOG:  duration: 0.031 ms
2024-12-09 08:37:30.268 UTC [64] LOG:  execute <unnamed>: select current_schema()
2024-12-09 08:37:30.268 UTC [64] LOG:  duration: 0.011 ms
2024-12-09 08:37:30.279 UTC [64] LOG:  duration: 0.024 ms
2024-12-09 08:37:30.279 UTC [64] LOG:  duration: 0.017 ms
2024-12-09 08:37:30.279 UTC [64] LOG:  execute S_1: COMMIT
2024-12-09 08:37:30.279 UTC [64] LOG:  duration: 0.016 ms
2024-12-09 08:37:32.787 UTC [64] LOG:  duration: 0.574 ms
2024-12-09 08:37:32.790 UTC [64] LOG:  duration: 2.535 ms
2024-12-09 08:37:32.790 UTC [64] LOG:  execute <unnamed>: select * from information_schema.sequences
2024-12-09 08:37:32.790 UTC [64] LOG:  duration: 0.396 ms
2024-12-09 08:37:32.800 UTC [64] LOG:  duration: 0.830 ms
2024-12-09 08:37:32.801 UTC [64] LOG:  duration: 1.045 ms
2024-12-09 08:37:32.801 UTC [64] LOG:  execute <unnamed>: SELECT NULL AS TABLE_CAT, n.nspname AS TABLE_SCHEM, c.relname AS TABLE_NAME,  CASE n.nspname ~ '^pg_' OR n.nspname = 'information_schema'  WHEN true THEN CASE  WHEN n.nspname = 'pg_catalog' OR n.nspname = 'information_schema' THEN CASE c.relkind   WHEN 'r' THEN 'SYSTEM TABLE'   WHEN 'v' THEN 'SYSTEM VIEW'   WHEN 'i' THEN 'SYSTEM INDEX'   ELSE NULL   END  WHEN n.nspname = 'pg_toast' THEN CASE c.relkind   WHEN 'r' THEN 'SYSTEM TOAST TABLE'   WHEN 'i' THEN 'SYSTEM TOAST INDEX'   ELSE NULL   END  ELSE CASE c.relkind   WHEN 'r' THEN 'TEMPORARY TABLE'   WHEN 'p' THEN 'TEMPORARY TABLE'   WHEN 'i' THEN 'TEMPORARY INDEX'   WHEN 'S' THEN 'TEMPORARY SEQUENCE'   WHEN 'v' THEN 'TEMPORARY VIEW'   ELSE NULL   END  END  WHEN false THEN CASE c.relkind  WHEN 'r' THEN 'TABLE'  WHEN 'p' THEN 'PARTITIONED TABLE'  WHEN 'i' THEN 'INDEX'  WHEN 'P' then 'PARTITIONED INDEX'  WHEN 'S' THEN 'SEQUENCE'  WHEN 'v' THEN 'VIEW'  WHEN 'c' THEN 'TYPE'  WHEN 'f' THEN 'FOREIGN TABLE'  WHEN 'm' THEN 'MATERIALIZED VIEW'  ELSE NULL  END  ELSE NULL  END  AS TABLE_TYPE, d.description AS REMARKS,  '' as TYPE_CAT, '' as TYPE_SCHEM, '' as TYPE_NAME, '' AS SELF_REFERENCING_COL_NAME, '' AS REF_GENERATION  FROM pg_catalog.pg_namespace n, pg_catalog.pg_class c  LEFT JOIN pg_catalog.pg_description d ON (c.oid = d.objoid AND d.objsubid = 0  and d.classoid = 'pg_class'::regclass)  WHERE c.relnamespace = n.oid  AND n.nspname LIKE 'public' AND c.relname LIKE '%' AND (false  OR ( c.relkind = 'r' AND n.nspname !~ '^pg_' AND n.nspname <> 'information_schema' )  OR ( c.relkind = 'v' AND n.nspname <> 'pg_catalog' AND n.nspname <> 'information_schema' )  OR ( c.relkind = 'm' )  OR ( c.relkind = 'p' AND n.nspname !~ '^pg_' AND n.nspname <> 'information_schema' ) )  ORDER BY TABLE_TYPE,TABLE_SCHEM,TABLE_NAME 
2024-12-09 08:37:32.801 UTC [64] LOG:  duration: 0.214 ms
2024-12-09 08:37:32.807 UTC [64] LOG:  duration: 1.061 ms
2024-12-09 08:37:32.809 UTC [64] LOG:  duration: 2.228 ms
2024-12-09 08:37:32.809 UTC [64] LOG:  execute <unnamed>: SELECT * FROM (SELECT n.nspname,c.relname,a.attname,a.atttypid,a.attnotnull OR (t.typtype = 'd' AND t.typnotnull) AS attnotnull,a.atttypmod,a.attlen,t.typtypmod,row_number() OVER (PARTITION BY a.attrelid ORDER BY a.attnum) AS attnum, nullif(a.attidentity, '') as attidentity,nullif(a.attgenerated, '') as attgenerated,pg_catalog.pg_get_expr(def.adbin, def.adrelid) AS adsrc,dsc.description,t.typbasetype,t.typtype  FROM pg_catalog.pg_namespace n  JOIN pg_catalog.pg_class c ON (c.relnamespace = n.oid)  JOIN pg_catalog.pg_attribute a ON (a.attrelid=c.oid)  JOIN pg_catalog.pg_type t ON (a.atttypid = t.oid)  LEFT JOIN pg_catalog.pg_attrdef def ON (a.attrelid=def.adrelid AND a.attnum = def.adnum)  LEFT JOIN pg_catalog.pg_description dsc ON (c.oid=dsc.objoid AND a.attnum = dsc.objsubid)  LEFT JOIN pg_catalog.pg_class dc ON (dc.oid=dsc.classoid AND dc.relname='pg_class')  LEFT JOIN pg_catalog.pg_namespace dn ON (dc.relnamespace=dn.oid AND dn.nspname='pg_catalog')  WHERE c.relkind in ('r','p','v','f','m') and a.attnum > 0 AND NOT a.attisdropped  AND n.nspname LIKE 'public') c WHERE true  AND attname LIKE '%' ORDER BY nspname,c.relname,attnum 
2024-12-09 08:37:32.811 UTC [64] LOG:  duration: 1.555 ms
2024-12-09 08:37:33.000 UTC [64] LOG:  duration: 0.099 ms
2024-12-09 08:37:33.000 UTC [64] LOG:  duration: 0.007 ms
2024-12-09 08:37:33.000 UTC [64] LOG:  execute <unnamed>: BEGIN
2024-12-09 08:37:33.000 UTC [64] LOG:  duration: 0.006 ms
2024-12-09 08:37:33.000 UTC [64] LOG:  duration: 0.245 ms
2024-12-09 08:37:33.000 UTC [64] LOG:  duration: 0.174 ms
2024-12-09 08:37:33.000 UTC [64] LOG:  execute <unnamed>: SELECT * FROM "Currencies" WHERE "Code" = $1
2024-12-09 08:37:33.000 UTC [64] DETAIL:  parameters: $1 = 'USD'
2024-12-09 08:37:33.000 UTC [64] LOG:  duration: 0.035 ms
2024-12-09 08:37:33.055 UTC [64] LOG:  duration: 0.051 ms
2024-12-09 08:37:33.055 UTC [64] LOG:  execute S_1: COMMIT
2024-12-09 08:37:33.055 UTC [64] LOG:  duration: 0.024 ms
